<?xml version="1.0" encoding="UTF-8"?>
<testsuite name="ComputerRepairRequestTest" tests="2" skipped="0" failures="0" errors="0" timestamp="2025-03-03T10:58:14" hostname="ADRIAN" time="0.021">
  <properties/>
  <testcase name="First test" classname="ComputerRepairRequestTest" time="0.019"/>
  <testcase name="Second Test" classname="ComputerRepairRequestTest" time="0.0"/>
  <system-out><![CDATA[]]></system-out>
  <system-err><![CDATA[]]></system-err>
</testsuite>
